<?xml version="1.0" encoding="UTF-8"?>
<!-- Generated by org.testng.reporters.JUnitXMLReporter -->
<testsuite ignored="1" hostname="BLR145CG02791RX" failures="0" tests="3" name="Test" time="0.06" errors="0" timestamp="2023-10-12T09:51:48 IST">
  <testcase classname="october12th.IncludeExcludeTest" name="tc1" time="0.008"/>
  <testcase classname="october12th.IncludeExcludeTest" name="tc2" time="0.001"/>
  <testcase classname="october12th.IncludeExcludeTest" name="tc4" time="0.001"/>
  <testcase classname="october12th.IncludeExcludeTest" name="tc3" time="0.0">
    <ignored/>
  </testcase> <!-- tc3 -->
</testsuite> <!-- Test -->
