<?xml version="1.0" encoding="UTF-8"?>
<testng-results ignored="0" total="1" passed="1" failed="0" skipped="0">
  <reporter-output>
  </reporter-output>
  <suite started-at="2023-10-18T09:53:14 IST" name="Default suite" finished-at="2023-10-18T09:53:18 IST" duration-ms="4367">
    <groups>
    </groups>
    <test started-at="2023-10-18T09:53:14 IST" name="Default test" finished-at="2023-10-18T09:53:18 IST" duration-ms="4367">
      <class name="october18th.ExecutionTest">
        <test-method signature="tc1()[pri:0, instance:october18th.ExecutionTest@175c2241]" started-at="2023-10-18T09:53:14 IST" name="tc1" finished-at="2023-10-18T09:53:18 IST" duration-ms="4326" status="PASS">
          <reporter-output>
          </reporter-output>
        </test-method> <!-- tc1 -->
      </class> <!-- october18th.ExecutionTest -->
    </test> <!-- Default test -->
  </suite> <!-- Default suite -->
</testng-results>
